<?xml version="1.0" encoding="UTF-8"?>
<!-- Generated by org.testng.reporters.JUnitReportReporter -->
<testsuite skipped="0" hostname="LAPTOP-N7QL8RHN" name="testNGconceptPKG.Googlepage" tests="6" failures="0" timestamp="07 Jul 2020 12:04:28 GMT" time="52.844" errors="0">
  <testcase name="test2" time="8.872" classname="testNGconceptPKG.Googlepage"/>
  <testcase name="test3" time="8.016" classname="testNGconceptPKG.Googlepage"/>
  <testcase name="test1" time="8.575" classname="testNGconceptPKG.Googlepage"/>
  <testcase name="maillinkTest" time="9.913" classname="testNGconceptPKG.Googlepage"/>
  <testcase name="googleLogoTest" time="8.646" classname="testNGconceptPKG.Googlepage"/>
  <testcase name="googleTitleTest" time="8.822" classname="testNGconceptPKG.Googlepage"/>
</testsuite> <!-- testNGconceptPKG.Googlepage -->
