<?xml version="1.0" encoding="UTF-8"?>
<!-- Generated by org.testng.reporters.JUnitReportReporter -->
<testsuite skipped="1" hostname="LAPTOP-N7QL8RHN" name="com.parameters.FlipkartLogin" tests="1" failures="0" timestamp="08 Jul 2020 10:10:04 GMT" time="0.000" errors="0">
  <testcase name="flipkartLoginTest" time="0.000" classname="com.parameters.FlipkartLogin">
    <skipped/>
  </testcase> <!-- flipkartLoginTest -->
</testsuite> <!-- com.parameters.FlipkartLogin -->
