<?xml version="1.0" encoding="UTF-8"?>
<!-- Generated by org.testng.reporters.JUnitReportReporter -->
<testsuite skipped="0" hostname="LAPTOP-N7QL8RHN" name="com.parameters.ParametrTest" tests="1" failures="0" timestamp="07 Jul 2020 13:11:49 GMT" time="11.626" errors="0">
  <testcase name="flipkartTest" time="11.626" classname="com.parameters.ParametrTest"/>
</testsuite> <!-- com.parameters.ParametrTest -->
